[0321/210717:INFO:(0)] WebCore is now online.
[0321/210717:INFO:(0)] Running Awesomium 1.7.5.0
[0321/210727:WARNING:Awesomium.NET(0)] System.ComponentModel.InvalidAsynchronousStateException: An error occurred invoking the method.  The destination thread no longer exists.
   at System.Windows.Forms.WindowsFormsSynchronizationContext.Send(SendOrPostCallback d, Object state)
   at Awesomium.Core.WebCore.SwoYrDtsHvuLJUY08ID(Object , Object , Object )
   at Awesomium.Core.WebCore.wQrBKtHAGh()
[0321/210908:INFO:(0)] WebCore is now online.
[0321/210908:INFO:(0)] Running Awesomium 1.7.5.0
[0321/210918:WARNING:Awesomium.NET(0)] System.ComponentModel.InvalidAsynchronousStateException: An error occurred invoking the method.  The destination thread no longer exists.
   at System.Windows.Forms.WindowsFormsSynchronizationContext.Send(SendOrPostCallback d, Object state)
   at Awesomium.Core.WebCore.SwoYrDtsHvuLJUY08ID(Object , Object , Object )
   at Awesomium.Core.WebCore.wQrBKtHAGh()
[0321/210951:INFO:(0)] WebCore is now online.
[0321/210951:INFO:(0)] Running Awesomium 1.7.5.0
[0321/210957:WARNING:Awesomium.NET(0)] System.ComponentModel.InvalidAsynchronousStateException: An error occurred invoking the method.  The destination thread no longer exists.
   at System.Windows.Forms.WindowsFormsSynchronizationContext.Send(SendOrPostCallback d, Object state)
   at Awesomium.Core.WebCore.SwoYrDtsHvuLJUY08ID(Object , Object , Object )
   at Awesomium.Core.WebCore.wQrBKtHAGh()
[0321/211019:INFO:(0)] WebCore is now online.
[0321/211019:INFO:(0)] Running Awesomium 1.7.5.0
[0321/211109:WARNING:Awesomium.NET(0)] System.ComponentModel.InvalidAsynchronousStateException: An error occurred invoking the method.  The destination thread no longer exists.
   at System.Windows.Forms.WindowsFormsSynchronizationContext.Send(SendOrPostCallback d, Object state)
   at Awesomium.Core.WebCore.SwoYrDtsHvuLJUY08ID(Object , Object , Object )
   at Awesomium.Core.WebCore.wQrBKtHAGh()
[0321/211136:INFO:(0)] WebCore is now online.
[0321/211136:INFO:(0)] Running Awesomium 1.7.5.0
[0321/211313:ERROR:ipc_channel_win.cc(360)] pipe error: 232
[0321/211313:WARNING:Awesomium.NET(0)] System.ComponentModel.InvalidAsynchronousStateException: An error occurred invoking the method.  The destination thread no longer exists.
   at System.Windows.Forms.WindowsFormsSynchronizationContext.Send(SendOrPostCallback d, Object state)
   at Awesomium.Core.WebCore.SwoYrDtsHvuLJUY08ID(Object , Object , Object )
   at Awesomium.Core.WebCore.wQrBKtHAGh()
[0321/211323:INFO:(0)] WebCore is now online.
[0321/211323:INFO:(0)] Running Awesomium 1.7.5.0
[0321/211350:WARNING:Awesomium.NET(0)] System.ComponentModel.InvalidAsynchronousStateException: An error occurred invoking the method.  The destination thread no longer exists.
   at System.Windows.Forms.WindowsFormsSynchronizationContext.Send(SendOrPostCallback d, Object state)
   at Awesomium.Core.WebCore.SwoYrDtsHvuLJUY08ID(Object , Object , Object )
   at Awesomium.Core.WebCore.wQrBKtHAGh()
[0321/215329:INFO:(0)] WebCore is now online.
[0321/215329:INFO:(0)] Running Awesomium 1.7.5.0
[0321/215401:WARNING:Awesomium.NET(0)] System.ComponentModel.InvalidAsynchronousStateException: An error occurred invoking the method.  The destination thread no longer exists.
   at System.Windows.Forms.WindowsFormsSynchronizationContext.Send(SendOrPostCallback d, Object state)
   at Awesomium.Core.WebCore.SwoYrDtsHvuLJUY08ID(Object , Object , Object )
   at Awesomium.Core.WebCore.wQrBKtHAGh()
[0321/215551:INFO:(0)] WebCore is now online.
[0321/215551:INFO:(0)] Running Awesomium 1.7.5.0
[0321/215555:WARNING:Awesomium.NET(0)] System.ComponentModel.InvalidAsynchronousStateException: An error occurred invoking the method.  The destination thread no longer exists.
   at System.Windows.Forms.WindowsFormsSynchronizationContext.Send(SendOrPostCallback d, Object state)
   at Awesomium.Core.WebCore.SwoYrDtsHvuLJUY08ID(Object , Object , Object )
   at Awesomium.Core.WebCore.wQrBKtHAGh()
[0321/215610:INFO:(0)] WebCore is now online.
[0321/215610:INFO:(0)] Running Awesomium 1.7.5.0
[0321/215616:WARNING:Awesomium.NET(0)] System.ComponentModel.InvalidAsynchronousStateException: An error occurred invoking the method.  The destination thread no longer exists.
   at System.Windows.Forms.WindowsFormsSynchronizationContext.Send(SendOrPostCallback d, Object state)
   at Awesomium.Core.WebCore.SwoYrDtsHvuLJUY08ID(Object , Object , Object )
   at Awesomium.Core.WebCore.wQrBKtHAGh()
[0321/220514:INFO:(0)] WebCore is now online.
[0321/220514:INFO:(0)] Running Awesomium 1.7.5.0
[0321/220557:WARNING:Awesomium.NET(0)] System.ComponentModel.InvalidAsynchronousStateException: An error occurred invoking the method.  The destination thread no longer exists.
   at System.Windows.Forms.WindowsFormsSynchronizationContext.Send(SendOrPostCallback d, Object state)
   at Awesomium.Core.WebCore.SwoYrDtsHvuLJUY08ID(Object , Object , Object )
   at Awesomium.Core.WebCore.wQrBKtHAGh()
[0321/220612:INFO:(0)] WebCore is now online.
[0321/220612:INFO:(0)] Running Awesomium 1.7.5.0
[0321/220641:WARNING:Awesomium.NET(0)] System.ComponentModel.InvalidAsynchronousStateException: An error occurred invoking the method.  The destination thread no longer exists.
   at System.Windows.Forms.WindowsFormsSynchronizationContext.Send(SendOrPostCallback d, Object state)
   at Awesomium.Core.WebCore.SwoYrDtsHvuLJUY08ID(Object , Object , Object )
   at Awesomium.Core.WebCore.wQrBKtHAGh()
[0321/220854:INFO:(0)] WebCore is now online.
[0321/220854:INFO:(0)] Running Awesomium 1.7.5.0
[0321/220951:INFO:(0)] WebCore is now online.
[0321/220951:INFO:(0)] Running Awesomium 1.7.5.0
[0321/221027:WARNING:Awesomium.NET(0)] System.ComponentModel.InvalidAsynchronousStateException: An error occurred invoking the method.  The destination thread no longer exists.
   at System.Windows.Forms.WindowsFormsSynchronizationContext.Send(SendOrPostCallback d, Object state)
   at Awesomium.Core.WebCore.SwoYrDtsHvuLJUY08ID(Object , Object , Object )
   at Awesomium.Core.WebCore.wQrBKtHAGh()
[0321/230830:INFO:(0)] WebCore is now online.
[0321/230830:INFO:(0)] Running Awesomium 1.7.5.0
[0321/230837:WARNING:Awesomium.NET(0)] System.ComponentModel.InvalidAsynchronousStateException: An error occurred invoking the method.  The destination thread no longer exists.
   at System.Windows.Forms.WindowsFormsSynchronizationContext.Send(SendOrPostCallback d, Object state)
   at Awesomium.Core.WebCore.SwoYrDtsHvuLJUY08ID(Object , Object , Object )
   at Awesomium.Core.WebCore.wQrBKtHAGh()
[0321/230944:INFO:(0)] WebCore is now online.
[0321/230944:INFO:(0)] Running Awesomium 1.7.5.0
[0321/230959:WARNING:Awesomium.NET(0)] System.ComponentModel.InvalidAsynchronousStateException: An error occurred invoking the method.  The destination thread no longer exists.
   at System.Windows.Forms.WindowsFormsSynchronizationContext.Send(SendOrPostCallback d, Object state)
   at Awesomium.Core.WebCore.SwoYrDtsHvuLJUY08ID(Object , Object , Object )
   at Awesomium.Core.WebCore.wQrBKtHAGh()
[0321/231015:INFO:(0)] WebCore is now online.
[0321/231015:INFO:(0)] Running Awesomium 1.7.5.0
[0321/231017:WARNING:Awesomium.NET(0)] System.ComponentModel.InvalidAsynchronousStateException: An error occurred invoking the method.  The destination thread no longer exists.
   at System.Windows.Forms.WindowsFormsSynchronizationContext.Send(SendOrPostCallback d, Object state)
   at Awesomium.Core.WebCore.SwoYrDtsHvuLJUY08ID(Object , Object , Object )
   at Awesomium.Core.WebCore.wQrBKtHAGh()
[0322/002503:INFO:(0)] WebCore is now online.
[0322/002503:INFO:(0)] Running Awesomium 1.7.5.0
